Using pre-set license
Built from '2022.3/staging' branch; Version is '2022.3.29f1 (8d510ca76d2b) revision 9261324'; Using compiler version '192829333'; Build Type 'Release'
OS: 'Windows 11  (10.0.22631) 64bit Professional' Language: 'ru' Physical Memory: 16216 MB
BatchMode: 1, IsHumanControllingUs: 0, StartBugReporterOnCrash: 0, Is64bit: 1, IsPro: 1

COMMAND LINE ARGUMENTS:
D:\2022.3.29f1\Editor\Unity.exe
-adb2
-batchMode
-noUpm
-name
AssetImportWorker2
-projectPath
D:/GitHub/ColdFlame
-logFile
Logs/AssetImportWorker2.log
-srvPort
55959
Successfully changed project path to: D:/GitHub/ColdFlame
D:/GitHub/ColdFlame
[UnityMemory] Configuration Parameters - Can be set up in boot.config
    "memorysetup-bucket-allocator-granularity=16"
    "memorysetup-bucket-allocator-bucket-count=8"
    "memorysetup-bucket-allocator-block-size=33554432"
    "memorysetup-bucket-allocator-block-count=8"
    "memorysetup-main-allocator-block-size=16777216"
    "memorysetup-thread-allocator-block-size=16777216"
    "memorysetup-gfx-main-allocator-block-size=16777216"
    "memorysetup-gfx-thread-allocator-block-size=16777216"
    "memorysetup-cache-allocator-block-size=4194304"
    "memorysetup-typetree-allocator-block-size=2097152"
    "memorysetup-profiler-bucket-allocator-granularity=16"
    "memorysetup-profiler-bucket-allocator-bucket-count=8"
    "memorysetup-profiler-bucket-allocator-block-size=33554432"
    "memorysetup-profiler-bucket-allocator-block-count=8"
    "memorysetup-profiler-allocator-block-size=16777216"
    "memorysetup-profiler-editor-allocator-block-size=1048576"
    "memorysetup-temp-allocator-size-main=16777216"
    "memorysetup-job-temp-allocator-block-size=2097152"
    "memorysetup-job-temp-allocator-block-size-background=1048576"
    "memorysetup-job-temp-allocator-reduction-small-platforms=262144"
    "memorysetup-allocator-temp-initial-block-size-main=262144"
    "memorysetup-allocator-temp-initial-block-size-worker=262144"
    "memorysetup-temp-allocator-size-background-worker=32768"
    "memorysetup-temp-allocator-size-job-worker=262144"
    "memorysetup-temp-allocator-size-preload-manager=33554432"
    "memorysetup-temp-allocator-size-nav-mesh-worker=65536"
    "memorysetup-temp-allocator-size-audio-worker=65536"
    "memorysetup-temp-allocator-size-cloud-worker=32768"
    "memorysetup-temp-allocator-size-gi-baking-worker=262144"
    "memorysetup-temp-allocator-size-gfx=262144"
Player connection [31576] Host "[IP] 192.168.1.103 [Port] 0 [Flags] 2 [Guid] 1535675927 [EditorId] 1535675927 [Version] 1048832 [Id] WindowsEditor(7,DESKTOP-315VLNU) [Debug] 1 [PackageName] WindowsEditor [ProjectName] Editor" joined multi-casting on [225.0.0.222:54997]...

Player connection [31576] Host "[IP] 192.168.1.103 [Port] 0 [Flags] 2 [Guid] 1535675927 [EditorId] 1535675927 [Version] 1048832 [Id] WindowsEditor(7,DESKTOP-315VLNU) [Debug] 1 [PackageName] WindowsEditor [ProjectName] Editor" joined alternative multi-casting on [225.0.0.222:34997]...

[Physics::Module] Initialized MultithreadedJobDispatcher with 11 workers.
Refreshing native plugins compatible for Editor in 7.46 ms, found 4 plugins.
Preloading 0 native plugins for Editor in 0.00 ms.
Initialize engine version: 2022.3.29f1 (8d510ca76d2b)
[Subsystems] Discovering subsystems at path D:/2022.3.29f1/Editor/Data/Resources/UnitySubsystems
[Subsystems] Discovering subsystems at path D:/GitHub/ColdFlame/Assets
GfxDevice: creating device client; threaded=0; jobified=0
Direct3D:
    Version:  Direct3D 11.0 [level 11.1]
    Renderer: NVIDIA GeForce RTX 4060 (ID=0x2882)
    Vendor:   NVIDIA
    VRAM:     7957 MB
    Driver:   31.0.15.5176
Initialize mono
Mono path[0] = 'D:/2022.3.29f1/Editor/Data/Managed'
Mono path[1] = 'D:/2022.3.29f1/Editor/Data/MonoBleedingEdge/lib/mono/unityjit-win32'
Mono config path = 'D:/2022.3.29f1/Editor/Data/MonoBleedingEdge/etc'
Using monoOptions --debugger-agent=transport=dt_socket,embedding=1,server=y,suspend=n,address=127.0.0.1:56444
Begin MonoManager ReloadAssembly
Registering precompiled unity dll's ...
Register platform support module: D:/2022.3.29f1/Editor/Data/PlaybackEngines/WebGLSupport/UnityEditor.WebGL.Extensions.dll
Register platform support module: D:/2022.3.29f1/Editor/Data/PlaybackEngines/VisionOSPlayer/UnityEditor.VisionOS.Extensions.dll
Register platform support module: D:/2022.3.29f1/Editor/Data/PlaybackEngines/WindowsStandaloneSupport/UnityEditor.WindowsStandalone.Extensions.dll
Registered in 0.002879 seconds.
- Loaded All Assemblies, in  0.261 seconds
Native extension for WindowsStandalone target not found
Failed to load: D:/2022.3.29f1/Editor/Data/PlaybackEngines/VisionOSPlayer\x64\UnityEditor.VisionOS.Native.dll
Native extension for VisionOS target not found
Native extension for WebGL target not found
Mono: successfully reloaded assembly
- Finished resetting the current domain, in  0.219 seconds
Domain Reload Profiling: 480ms
	BeginReloadAssembly (80ms)
		ExecutionOrderSort (0ms)
		DisableScriptedObjects (0ms)
		BackupInstance (0ms)
		ReleaseScriptingObjects (0ms)
		CreateAndSetChildDomain (1ms)
	RebuildCommonClasses (26ms)
	RebuildNativeTypeToScriptingClass (8ms)
	initialDomainReloadingComplete (39ms)
	LoadAllAssembliesAndSetupDomain (109ms)
		LoadAssemblies (80ms)
		RebuildTransferFunctionScriptingTraits (0ms)
		AnalyzeDomain (106ms)
			TypeCache.Refresh (105ms)
				TypeCache.ScanAssembly (95ms)
			ScanForSourceGeneratedMonoScriptInfo (0ms)
			ResolveRequiredComponents (0ms)
	FinalizeReload (219ms)
		ReleaseScriptCaches (0ms)
		RebuildScriptCaches (0ms)
		SetupLoadedEditorAssemblies (176ms)
			LogAssemblyErrors (0ms)
			InitializePlatformSupportModulesInManaged (16ms)
			SetLoadedEditorAssemblies (5ms)
			RefreshPlugins (0ms)
			BeforeProcessingInitializeOnLoad (2ms)
			ProcessInitializeOnLoadAttributes (120ms)
			ProcessInitializeOnLoadMethodAttributes (34ms)
			AfterProcessingInitializeOnLoad (0ms)
			EditorAssembliesLoaded (0ms)
		ExecutionOrderSort2 (0ms)
		AwakeInstancesAfterBackupRestoration (0ms)
========================================================================
Worker process is ready to serve import requests
Begin MonoManager ReloadAssembly
Symbol file LoadedFromMemory is not a mono symbol file
- Loaded All Assemblies, in  0.450 seconds
Refreshing native plugins compatible for Editor in 2.26 ms, found 4 plugins.
Native extension for WindowsStandalone target not found
Failed to load: D:/2022.3.29f1/Editor/Data/PlaybackEngines/VisionOSPlayer\x64\UnityEditor.VisionOS.Native.dll
Native extension for VisionOS target not found
Native extension for WebGL target not found
Package Manager log level set to [2]
[Package Manager] Server::EnsureServerProcessIsRunning -- launch failed, reason: Unity was launched with the -noUpm command-line argument
[Package Manager] UpmClient::Send -- Unable to send message (not connected to UPM process).
[Package Manager] Cannot connect to Unity Package Manager local server
Mono: successfully reloaded assembly
- Finished resetting the current domain, in  0.457 seconds
Domain Reload Profiling: 907ms
	BeginReloadAssembly (108ms)
		ExecutionOrderSort (0ms)
		DisableScriptedObjects (5ms)
		BackupInstance (0ms)
		ReleaseScriptingObjects (0ms)
		CreateAndSetChildDomain (16ms)
	RebuildCommonClasses (24ms)
	RebuildNativeTypeToScriptingClass (8ms)
	initialDomainReloadingComplete (30ms)
	LoadAllAssembliesAndSetupDomain (281ms)
		LoadAssemblies (209ms)
		RebuildTransferFunctionScriptingTraits (0ms)
		AnalyzeDomain (134ms)
			TypeCache.Refresh (113ms)
				TypeCache.ScanAssembly (100ms)
			ScanForSourceGeneratedMonoScriptInfo (15ms)
			ResolveRequiredComponents (4ms)
	FinalizeReload (457ms)
		ReleaseScriptCaches (0ms)
		RebuildScriptCaches (0ms)
		SetupLoadedEditorAssemblies (340ms)
			LogAssemblyErrors (0ms)
			InitializePlatformSupportModulesInManaged (12ms)
			SetLoadedEditorAssemblies (3ms)
			RefreshPlugins (0ms)
			BeforeProcessingInitializeOnLoad (47ms)
			ProcessInitializeOnLoadAttributes (248ms)
			ProcessInitializeOnLoadMethodAttributes (30ms)
			AfterProcessingInitializeOnLoad (1ms)
			EditorAssembliesLoaded (0ms)
		ExecutionOrderSort2 (0ms)
		AwakeInstancesAfterBackupRestoration (5ms)
Launched and connected shader compiler UnityShaderCompiler.exe after 0.03 seconds
Refreshing native plugins compatible for Editor in 4.32 ms, found 4 plugins.
Preloading 0 native plugins for Editor in 0.00 ms.
Unloading 4122 Unused Serialized files (Serialized files now loaded: 0)
Unloading 83 unused Assets / (251.8 KB). Loaded Objects now: 4567.
Memory consumption went from 143.9 MB to 143.7 MB.
Total: 2.516300 ms (FindLiveObjects: 0.172900 ms CreateObjectMapping: 0.078000 ms MarkObjects: 2.104100 ms  DeleteObjects: 0.160400 ms)

AssetImportParameters requested are different than current active one (requested -> active):
  custom:scripting/monoscript/fileName/BlockData.cs: 67ad34dd6ccb9595a769cbc67ebae62e -> 
  custom:container-demuxer-ogg: 62fdf1f143b41e24485cea50d1cbac27 -> 
  custom:video-decoder-ogg-theora: a1e56fd34408186e4bbccfd4996cb3dc -> 
  custom:framework-win-MediaFoundation: 216162199b28c13a410421893ffa2e32 -> 
  custom:CustomObjectIndexerAttribute: 9a22284fe3817be447336de3de66b15e -> 
  custom:container-demuxer-webm: 4f35f7cbe854078d1ac9338744f61a02 -> 
  custom:container-muxer-webm: aa71ff27fc2769a1b78a27578f13a17b -> 
  custom:video-decoder-webm-vp8: 9c59270c3fd7afecdb556c50c9e8de78 -> 
  custom:SearchIndexIgnoredProperties: e643bd26f0fe6173181afceb89e7c659 -> 
  custom:AudioImporter_EditorPlatform: d09bf68614088b80899f8185d706f6e7 -> 
  custom:scripting/monoscript/fileName/BindsData.cs: c8c96e645d44e31b4af20c5886548476 -> 
  custom:video-encoder-webm-vp8: eb34c28f22e8b96e1ab97ce403110664 -> 
  custom:audio-decoder-ogg-vorbis: bf7c407c2cedff20999df2af8eb42d56 -> 
  custom:audio-encoder-webm-vorbis: bf7c407c2cedff20999df2af8eb42d56 -> 
========================================================================
Received Import Request.
  Time since last request: 354012.844038 seconds.
  path: Assets/Textures/BlocksItems/blocks .png
  artifactKey: Guid(d8a83359cd562c7409b0e7833e2cbdce) Importer(815301076,1909f56bfc062723c751e8b465ee728b)
Start importing Assets/Textures/BlocksItems/blocks .png using Guid(d8a83359cd562c7409b0e7833e2cbdce) Importer(815301076,1909f56bfc062723c751e8b465ee728b)  -> (artifact id: '371f714ace5adaa832ffca2201398075') in 0.047540 seconds
Number of updated asset objects reloaded before import = 0
Number of asset objects unloaded after import = 2
========================================================================
Received Import Request.
  Time since last request: 42.551746 seconds.
  path: Assets/Textures/BlocksItems/blocks .png
  artifactKey: Guid(d8a83359cd562c7409b0e7833e2cbdce) Importer(815301076,1909f56bfc062723c751e8b465ee728b)
Start importing Assets/Textures/BlocksItems/blocks .png using Guid(d8a83359cd562c7409b0e7833e2cbdce) Importer(815301076,1909f56bfc062723c751e8b465ee728b)  -> (artifact id: '5a9f748cbb2c2d15f815180e222377a3') in 0.065364 seconds
Number of updated asset objects reloaded before import = 0
Number of asset objects unloaded after import = 13
========================================================================
Received Import Request.
  Time since last request: 307.254915 seconds.
  path: Assets/Palletes/blocks _0.asset
  artifactKey: Guid(69ca700376443d74e91a6adc8f48cad1) Importer(815301076,1909f56bfc062723c751e8b465ee728b)
Start importing Assets/Palletes/blocks _0.asset using Guid(69ca700376443d74e91a6adc8f48cad1) Importer(815301076,1909f56bfc062723c751e8b465ee728b)  -> (artifact id: 'fa075fdf2b9ed32eb190ce0f34429787') in 0.022534 seconds
Number of updated asset objects reloaded before import = 0
Number of asset objects unloaded after import = 3
========================================================================
Received Import Request.
  Time since last request: 0.000021 seconds.
  path: Assets/Palletes/blocks _2.asset
  artifactKey: Guid(37e48371b6a023e49b5693c215233365) Importer(815301076,1909f56bfc062723c751e8b465ee728b)
Start importing Assets/Palletes/blocks _2.asset using Guid(37e48371b6a023e49b5693c215233365) Importer(815301076,1909f56bfc062723c751e8b465ee728b)  -> (artifact id: '22528a26fd5d8888a2a554f4aa04a497') in 0.010186 seconds
Number of updated asset objects reloaded before import = 0
Number of asset objects unloaded after import = 3
========================================================================
Received Import Request.
  Time since last request: 0.000022 seconds.
  path: Assets/Palletes/blocks _3.asset
  artifactKey: Guid(f6f3f7a755aea0f4584587c3d86fba9e) Importer(815301076,1909f56bfc062723c751e8b465ee728b)
Start importing Assets/Palletes/blocks _3.asset using Guid(f6f3f7a755aea0f4584587c3d86fba9e) Importer(815301076,1909f56bfc062723c751e8b465ee728b)  -> (artifact id: '94cd59a747d84e27ff41e2def75f25ae') in 0.011740 seconds
Number of updated asset objects reloaded before import = 0
Number of asset objects unloaded after import = 3
========================================================================
Received Import Request.
  Time since last request: 0.000043 seconds.
  path: Assets/Palletes/test.prefab
  artifactKey: Guid(f77670cef68113c4988fa04c6691dc74) Importer(815301076,1909f56bfc062723c751e8b465ee728b)
Start importing Assets/Palletes/test.prefab using Guid(f77670cef68113c4988fa04c6691dc74) Importer(815301076,1909f56bfc062723c751e8b465ee728b)  -> (artifact id: 'e1757ac9f2cb4228488679cb87cffafc') in 0.051365 seconds
Number of updated asset objects reloaded before import = 0
Number of asset objects unloaded after import = 33
========================================================================
Received Import Request.
  Time since last request: 0.000017 seconds.
  path: Assets/Palletes/blocks _5.asset
  artifactKey: Guid(32a81ba485f52304badf5ca5c4ac23f6) Importer(815301076,1909f56bfc062723c751e8b465ee728b)
Start importing Assets/Palletes/blocks _5.asset using Guid(32a81ba485f52304badf5ca5c4ac23f6) Importer(815301076,1909f56bfc062723c751e8b465ee728b)  -> (artifact id: '36fedcb75c2fe1ce98fe98b758a7cc64') in 0.008015 seconds
Number of updated asset objects reloaded before import = 0
Number of asset objects unloaded after import = 3
========================================================================
Received Import Request.
  Time since last request: 0.000017 seconds.
  path: Assets/Palletes/blocks _8.asset
  artifactKey: Guid(186b92948b54abe428673e2ce8646d26) Importer(815301076,1909f56bfc062723c751e8b465ee728b)
Start importing Assets/Palletes/blocks _8.asset using Guid(186b92948b54abe428673e2ce8646d26) Importer(815301076,1909f56bfc062723c751e8b465ee728b)  -> (artifact id: '2dc7f9e2748a18eb70920d4b091f402c') in 0.014721 seconds
Number of updated asset objects reloaded before import = 0
Number of asset objects unloaded after import = 3
========================================================================
Received Import Request.
  Time since last request: 197.967398 seconds.
  path: Assets/Palletes/test2/test2.prefab
  artifactKey: Guid(5e6a1ed4165612a4a961073fbc087cee) Importer(815301076,1909f56bfc062723c751e8b465ee728b)
Start importing Assets/Palletes/test2/test2.prefab using Guid(5e6a1ed4165612a4a961073fbc087cee) Importer(815301076,1909f56bfc062723c751e8b465ee728b)  -> (artifact id: 'd4b77f4dc0a6b1a2b63e7fe3ac3a8257') in 0.010229 seconds
Number of updated asset objects reloaded before import = 0
Number of asset objects unloaded after import = 10
========================================================================
Received Import Request.
  Time since last request: 15.128652 seconds.
  path: Assets/Palletes/test2/test2.prefab
  artifactKey: Guid(5e6a1ed4165612a4a961073fbc087cee) Importer(815301076,1909f56bfc062723c751e8b465ee728b)
Start importing Assets/Palletes/test2/test2.prefab using Guid(5e6a1ed4165612a4a961073fbc087cee) Importer(815301076,1909f56bfc062723c751e8b465ee728b)  -> (artifact id: 'b520ee1e828a930b85a8348793c00369') in 0.005407 seconds
Number of updated asset objects reloaded before import = 0
Number of asset objects unloaded after import = 10
========================================================================
Received Import Request.
  Time since last request: 32.876513 seconds.
  path: Assets/Palletes
  artifactKey: Guid(4eb8be90bec2aab419de0fcf79570f7b) Importer(815301076,1909f56bfc062723c751e8b465ee728b)
Start importing Assets/Palletes using Guid(4eb8be90bec2aab419de0fcf79570f7b) Importer(815301076,1909f56bfc062723c751e8b465ee728b)  -> (artifact id: '60ae6be28e308442336402c3f796fce6') in 0.000436 seconds
Number of updated asset objects reloaded before import = 0
Number of asset objects unloaded after import = 0
========================================================================
Received Import Request.
  Time since last request: 1.389083 seconds.
  path: Assets/Palletes/test2
  artifactKey: Guid(502779869e303434987bd7ac4f56e9c9) Importer(815301076,1909f56bfc062723c751e8b465ee728b)
Start importing Assets/Palletes/test2 using Guid(502779869e303434987bd7ac4f56e9c9) Importer(815301076,1909f56bfc062723c751e8b465ee728b)  -> (artifact id: '04f3acc145e6012fb438a4d83923e8c6') in 0.000316 seconds
Number of updated asset objects reloaded before import = 0
Number of asset objects unloaded after import = 0
========================================================================
Received Import Request.
  Time since last request: 0.080708 seconds.
  path: Assets/Palletes/test2/blocks _0.asset
  artifactKey: Guid(c42fe27989109a340933187ef6c81c43) Importer(815301076,1909f56bfc062723c751e8b465ee728b)
Start importing Assets/Palletes/test2/blocks _0.asset using Guid(c42fe27989109a340933187ef6c81c43) Importer(815301076,1909f56bfc062723c751e8b465ee728b)  -> (artifact id: '0af6b05b1820c0c22822a7c575313e8d') in 0.005998 seconds
Number of updated asset objects reloaded before import = 0
Number of asset objects unloaded after import = 3
========================================================================
Received Import Request.
  Time since last request: 0.006715 seconds.
  path: Assets/Palletes/test2/blocks _3.asset
  artifactKey: Guid(e9c7b363ac139a94aba76354f1d87935) Importer(815301076,1909f56bfc062723c751e8b465ee728b)
Start importing Assets/Palletes/test2/blocks _3.asset using Guid(e9c7b363ac139a94aba76354f1d87935) Importer(815301076,1909f56bfc062723c751e8b465ee728b)  -> (artifact id: '5e11cefd3b368c6529c766e793278295') in 0.006402 seconds
Number of updated asset objects reloaded before import = 0
Number of asset objects unloaded after import = 3
========================================================================
Received Import Request.
  Time since last request: 0.000019 seconds.
  path: Assets/Palletes/test2/blocks _6.asset
  artifactKey: Guid(b856ac82e48863747b9f2679d64d5e3b) Importer(815301076,1909f56bfc062723c751e8b465ee728b)
Start importing Assets/Palletes/test2/blocks _6.asset using Guid(b856ac82e48863747b9f2679d64d5e3b) Importer(815301076,1909f56bfc062723c751e8b465ee728b)  -> (artifact id: 'd08900981b7e79130cef7ab44b6252ed') in 0.007638 seconds
Number of updated asset objects reloaded before import = 0
Number of asset objects unloaded after import = 3
========================================================================
Received Import Request.
  Time since last request: 0.000025 seconds.
  path: Assets/Palletes/test2/blocks _4.asset
  artifactKey: Guid(364fd80ee865735498d2d51c9054da78) Importer(815301076,1909f56bfc062723c751e8b465ee728b)
Start importing Assets/Palletes/test2/blocks _4.asset using Guid(364fd80ee865735498d2d51c9054da78) Importer(815301076,1909f56bfc062723c751e8b465ee728b)  -> (artifact id: '6795f0e9f1639511757f0ba23c0790b5') in 0.008164 seconds
Number of updated asset objects reloaded before import = 0
Number of asset objects unloaded after import = 3
========================================================================
Received Import Request.
  Time since last request: 0.000016 seconds.
  path: Assets/Palletes/test2/blocks _10.asset
  artifactKey: Guid(d41f88ec43d6aaa478777b1dbdd3d52a) Importer(815301076,1909f56bfc062723c751e8b465ee728b)
Start importing Assets/Palletes/test2/blocks _10.asset using Guid(d41f88ec43d6aaa478777b1dbdd3d52a) Importer(815301076,1909f56bfc062723c751e8b465ee728b)  -> (artifact id: '72e0b8395f7737a7cd19b656b17e1074') in 0.005006 seconds
Number of updated asset objects reloaded before import = 0
Number of asset objects unloaded after import = 3
========================================================================
Received Import Request.
  Time since last request: 0.000031 seconds.
  path: Assets/Palletes/test2/blocks _9.asset
  artifactKey: Guid(052e429f558633e46978492c2c2b0e1a) Importer(815301076,1909f56bfc062723c751e8b465ee728b)
Start importing Assets/Palletes/test2/blocks _9.asset using Guid(052e429f558633e46978492c2c2b0e1a) Importer(815301076,1909f56bfc062723c751e8b465ee728b)  -> (artifact id: 'a366586ea4f7b73489e1e6319f8a5b6d') in 0.007458 seconds
Number of updated asset objects reloaded before import = 0
Number of asset objects unloaded after import = 3
========================================================================
Received Import Request.
  Time since last request: 0.000025 seconds.
  path: Assets/Palletes/test2/blocks _7.asset
  artifactKey: Guid(8c0c57e2e84d09f43b121a762da166eb) Importer(815301076,1909f56bfc062723c751e8b465ee728b)
Start importing Assets/Palletes/test2/blocks _7.asset using Guid(8c0c57e2e84d09f43b121a762da166eb) Importer(815301076,1909f56bfc062723c751e8b465ee728b)  -> (artifact id: 'c4c816479fe823eb16dde54a33d1f545') in 0.005449 seconds
Number of updated asset objects reloaded before import = 0
Number of asset objects unloaded after import = 3
========================================================================
Received Import Request.
  Time since last request: 0.000029 seconds.
  path: Assets/Palletes/test2/test2.prefab
  artifactKey: Guid(5e6a1ed4165612a4a961073fbc087cee) Importer(815301076,1909f56bfc062723c751e8b465ee728b)
Start importing Assets/Palletes/test2/test2.prefab using Guid(5e6a1ed4165612a4a961073fbc087cee) Importer(815301076,1909f56bfc062723c751e8b465ee728b)  -> (artifact id: '5b613a0bb194789e053875c886ddecdd') in 0.014334 seconds
Number of updated asset objects reloaded before import = 0
Number of asset objects unloaded after import = 33
========================================================================
Received Import Request.
  Time since last request: 0.000019 seconds.
  path: Assets/Palletes/test2/blocks _2.asset
  artifactKey: Guid(5e3e955145625464a8719259a6bad562) Importer(815301076,1909f56bfc062723c751e8b465ee728b)
Start importing Assets/Palletes/test2/blocks _2.asset using Guid(5e3e955145625464a8719259a6bad562) Importer(815301076,1909f56bfc062723c751e8b465ee728b)  -> (artifact id: '2b43f7ae5f4849cf90eaf7ad99fc669b') in 0.007410 seconds
Number of updated asset objects reloaded before import = 0
Number of asset objects unloaded after import = 3
========================================================================
Received Import Request.
  Time since last request: 0.000017 seconds.
  path: Assets/Palletes/test2/blocks _5.asset
  artifactKey: Guid(d48da9f1a295a1c45ad33a2563165683) Importer(815301076,1909f56bfc062723c751e8b465ee728b)
Start importing Assets/Palletes/test2/blocks _5.asset using Guid(d48da9f1a295a1c45ad33a2563165683) Importer(815301076,1909f56bfc062723c751e8b465ee728b)  -> (artifact id: '5ced9fc53c7d2153010cfe50dcc1eb34') in 0.004164 seconds
Number of updated asset objects reloaded before import = 0
Number of asset objects unloaded after import = 3
Editor requested this worker to shutdown with reason: Scaling down because of idle timeout
TcpMessagingSession - receive error: operation aborted. errorcode: 995, details: ќпераци€ ввода/вывода была прервана из-за завершени€ потока команд или по запросу приложени€.
AssetImportWorker is now disconnected from the server
Process exiting
Exiting without the bug reporter. Application will terminate with return code 0